{"/Users/ericbsantana/Documents/development/kiosk-management/packages/backend/src/app.ts": {"path":"/Users/ericbsantana/Documents/development/kiosk-management/packages/backend/src/app.ts","statementMap":{"0":{"start":{"line":2,"column":0},"end":{"line":2,"column":30}},"1":{"start":{"line":3,"column":0},"end":{"line":3,"column":50}},"2":{"start":{"line":5,"column":12},"end":{"line":5,"column":21}},"3":{"start":{"line":7,"column":0},"end":{"line":7,"column":24}},"4":{"start":{"line":9,"column":0},"end":{"line":11,"column":3}},"5":{"start":{"line":10,"column":2},"end":{"line":10,"column":22}},"6":{"start":{"line":13,"column":0},"end":{"line":13,"column":22}},"7":{"start":{"line":15,"column":0},"end":{"line":15,"column":19}}},"fnMap":{"0":{"name":"(anonymous_1)","decl":{"start":{"line":9,"column":13},"end":{"line":9,"column":14}},"loc":{"start":{"line":9,"column":45},"end":{"line":11,"column":1}}}},"branchMap":{},"s":{"0":2,"1":2,"2":2,"3":2,"4":2,"5":1,"6":2,"7":2},"f":{"0":1},"b":{}}
,"/Users/ericbsantana/Documents/development/kiosk-management/packages/backend/src/controllers/KioskController.ts": {"path":"/Users/ericbsantana/Documents/development/kiosk-management/packages/backend/src/controllers/KioskController.ts","statementMap":{"0":{"start":{"line":1,"column":0},"end":{"line":1,"column":53}},"1":{"start":{"line":2,"column":0},"end":{"line":2,"column":53}},"2":{"start":{"line":6,"column":24},"end":{"line":99,"column":2}},"3":{"start":{"line":7,"column":46},"end":{"line":23,"column":null}},"4":{"start":{"line":8,"column":23},"end":{"line":8,"column":44}},"5":{"start":{"line":10,"column":4},"end":{"line":12,"column":null}},"6":{"start":{"line":11,"column":6},"end":{"line":11,"column":67}},"7":{"start":{"line":14,"column":4},"end":{"line":22,"column":null}},"8":{"start":{"line":15,"column":27},"end":{"line":15,"column":65}},"9":{"start":{"line":17,"column":6},"end":{"line":19,"column":77}},"10":{"start":{"line":21,"column":6},"end":{"line":21,"column":33}},"11":{"start":{"line":24,"column":51},"end":{"line":43,"column":null}},"12":{"start":{"line":25,"column":15},"end":{"line":25,"column":28}},"13":{"start":{"line":26,"column":23},"end":{"line":26,"column":44}},"14":{"start":{"line":28,"column":4},"end":{"line":30,"column":null}},"15":{"start":{"line":29,"column":6},"end":{"line":29,"column":67}},"16":{"start":{"line":32,"column":4},"end":{"line":42,"column":null}},"17":{"start":{"line":33,"column":20},"end":{"line":33,"column":51}},"18":{"start":{"line":35,"column":6},"end":{"line":37,"column":null}},"19":{"start":{"line":36,"column":8},"end":{"line":36,"column":38}},"20":{"start":{"line":39,"column":6},"end":{"line":39,"column":41}},"21":{"start":{"line":41,"column":6},"end":{"line":41,"column":36}},"22":{"start":{"line":44,"column":45},"end":{"line":51,"column":null}},"23":{"start":{"line":45,"column":4},"end":{"line":50,"column":null}},"24":{"start":{"line":46,"column":21},"end":{"line":46,"column":48}},"25":{"start":{"line":47,"column":6},"end":{"line":47,"column":42}},"26":{"start":{"line":49,"column":6},"end":{"line":49,"column":33}},"27":{"start":{"line":52,"column":48},"end":{"line":73,"column":null}},"28":{"start":{"line":53,"column":15},"end":{"line":53,"column":28}},"29":{"start":{"line":54,"column":23},"end":{"line":54,"column":44}},"30":{"start":{"line":56,"column":4},"end":{"line":58,"column":null}},"31":{"start":{"line":57,"column":6},"end":{"line":57,"column":67}},"32":{"start":{"line":60,"column":4},"end":{"line":72,"column":null}},"33":{"start":{"line":61,"column":31},"end":{"line":61,"column":64}},"34":{"start":{"line":63,"column":6},"end":{"line":65,"column":null}},"35":{"start":{"line":64,"column":8},"end":{"line":64,"column":62}},"36":{"start":{"line":67,"column":6},"end":{"line":67,"column":77}},"37":{"start":{"line":69,"column":6},"end":{"line":71,"column":67}},"38":{"start":{"line":74,"column":48},"end":{"line":98,"column":null}},"39":{"start":{"line":75,"column":15},"end":{"line":75,"column":28}},"40":{"start":{"line":76,"column":23},"end":{"line":76,"column":44}},"41":{"start":{"line":78,"column":4},"end":{"line":80,"column":null}},"42":{"start":{"line":79,"column":6},"end":{"line":79,"column":67}},"43":{"start":{"line":82,"column":4},"end":{"line":97,"column":null}},"44":{"start":{"line":83,"column":31},"end":{"line":83,"column":74}},"45":{"start":{"line":84,"column":6},"end":{"line":86,"column":null}},"46":{"start":{"line":85,"column":8},"end":{"line":85,"column":62}},"47":{"start":{"line":87,"column":23},"end":{"line":90,"column":8}},"48":{"start":{"line":92,"column":6},"end":{"line":92,"column":44}},"49":{"start":{"line":94,"column":6},"end":{"line":96,"column":67}},"50":{"start":{"line":101,"column":0},"end":{"line":101,"column":31}}},"fnMap":{"0":{"name":"(anonymous_8)","decl":{"start":{"line":7,"column":8},"end":{"line":7,"column":15}},"loc":{"start":{"line":7,"column":46},"end":{"line":23,"column":null}}},"1":{"name":"(anonymous_9)","decl":{"start":{"line":7,"column":46},"end":{"line":7,"column":null}},"loc":{"start":{"line":7,"column":46},"end":{"line":23,"column":3}}},"2":{"name":"(anonymous_10)","decl":{"start":{"line":24,"column":13},"end":{"line":24,"column":20}},"loc":{"start":{"line":24,"column":51},"end":{"line":43,"column":null}}},"3":{"name":"(anonymous_11)","decl":{"start":{"line":24,"column":51},"end":{"line":24,"column":null}},"loc":{"start":{"line":24,"column":51},"end":{"line":43,"column":3}}},"4":{"name":"(anonymous_12)","decl":{"start":{"line":44,"column":7},"end":{"line":44,"column":14}},"loc":{"start":{"line":44,"column":45},"end":{"line":51,"column":null}}},"5":{"name":"(anonymous_13)","decl":{"start":{"line":44,"column":45},"end":{"line":44,"column":null}},"loc":{"start":{"line":44,"column":45},"end":{"line":51,"column":3}}},"6":{"name":"(anonymous_14)","decl":{"start":{"line":52,"column":10},"end":{"line":52,"column":17}},"loc":{"start":{"line":52,"column":48},"end":{"line":73,"column":null}}},"7":{"name":"(anonymous_15)","decl":{"start":{"line":52,"column":48},"end":{"line":52,"column":null}},"loc":{"start":{"line":52,"column":48},"end":{"line":73,"column":3}}},"8":{"name":"(anonymous_16)","decl":{"start":{"line":74,"column":10},"end":{"line":74,"column":17}},"loc":{"start":{"line":74,"column":48},"end":{"line":98,"column":null}}},"9":{"name":"(anonymous_17)","decl":{"start":{"line":74,"column":48},"end":{"line":74,"column":null}},"loc":{"start":{"line":74,"column":48},"end":{"line":98,"column":3}}}},"branchMap":{"0":{"loc":{"start":{"line":10,"column":4},"end":{"line":12,"column":null}},"type":"if","locations":[{"start":{"line":10,"column":4},"end":{"line":12,"column":null}}]},"1":{"loc":{"start":{"line":28,"column":4},"end":{"line":30,"column":null}},"type":"if","locations":[{"start":{"line":28,"column":4},"end":{"line":30,"column":null}}]},"2":{"loc":{"start":{"line":35,"column":6},"end":{"line":37,"column":null}},"type":"if","locations":[{"start":{"line":35,"column":6},"end":{"line":37,"column":null}}]},"3":{"loc":{"start":{"line":56,"column":4},"end":{"line":58,"column":null}},"type":"if","locations":[{"start":{"line":56,"column":4},"end":{"line":58,"column":null}}]},"4":{"loc":{"start":{"line":63,"column":6},"end":{"line":65,"column":null}},"type":"if","locations":[{"start":{"line":63,"column":6},"end":{"line":65,"column":null}}]},"5":{"loc":{"start":{"line":78,"column":4},"end":{"line":80,"column":null}},"type":"if","locations":[{"start":{"line":78,"column":4},"end":{"line":80,"column":null}}]},"6":{"loc":{"start":{"line":84,"column":6},"end":{"line":86,"column":null}},"type":"if","locations":[{"start":{"line":84,"column":6},"end":{"line":86,"column":null}}]}},"s":{"0":2,"1":2,"2":2,"3":10,"4":10,"5":10,"6":7,"7":3,"8":3,"9":2,"10":1,"11":8,"12":8,"13":8,"14":8,"15":5,"16":3,"17":3,"18":2,"19":1,"20":1,"21":1,"22":3,"23":3,"24":3,"25":2,"26":1,"27":5,"28":5,"29":5,"30":5,"31":1,"32":4,"33":4,"34":3,"35":1,"36":2,"37":1,"38":7,"39":7,"40":7,"41":7,"42":1,"43":6,"44":6,"45":5,"46":1,"47":4,"48":4,"49":1,"50":2},"f":{"0":10,"1":10,"2":8,"3":8,"4":3,"5":3,"6":5,"7":5,"8":7,"9":7},"b":{"0":[7],"1":[5],"2":[1],"3":[1],"4":[1],"5":[1],"6":[1]}}
,"/Users/ericbsantana/Documents/development/kiosk-management/packages/backend/src/middlewares/KioskValidationMiddleware.ts": {"path":"/Users/ericbsantana/Documents/development/kiosk-management/packages/backend/src/middlewares/KioskValidationMiddleware.ts","statementMap":{"0":{"start":{"line":1,"column":0},"end":{"line":1,"column":42}},"1":{"start":{"line":3,"column":0},"end":{"line":27,"column":2}}},"fnMap":{},"branchMap":{},"s":{"0":2,"1":2},"f":{},"b":{}}
,"/Users/ericbsantana/Documents/development/kiosk-management/packages/backend/src/middlewares/ObjectIdValidationMiddleware.ts": {"path":"/Users/ericbsantana/Documents/development/kiosk-management/packages/backend/src/middlewares/ObjectIdValidationMiddleware.ts","statementMap":{"0":{"start":{"line":1,"column":0},"end":{"line":1,"column":49}},"1":{"start":{"line":2,"column":0},"end":{"line":2,"column":32}},"2":{"start":{"line":4,"column":0},"end":{"line":10,"column":2}},"3":{"start":{"line":5,"column":34},"end":{"line":9,"column":4}},"4":{"start":{"line":6,"column":4},"end":{"line":8,"column":null}},"5":{"start":{"line":7,"column":6},"end":{"line":7,"column":42}}},"fnMap":{"0":{"name":"(anonymous_8)","decl":{"start":{"line":5,"column":21},"end":{"line":5,"column":28}},"loc":{"start":{"line":5,"column":34},"end":{"line":9,"column":4}}},"1":{"name":"(anonymous_9)","decl":{"start":{"line":5,"column":34},"end":{"line":5,"column":null}},"loc":{"start":{"line":5,"column":34},"end":{"line":9,"column":3}}}},"branchMap":{"0":{"loc":{"start":{"line":6,"column":4},"end":{"line":8,"column":null}},"type":"if","locations":[{"start":{"line":6,"column":4},"end":{"line":8,"column":null}}]}},"s":{"0":2,"1":2,"2":2,"3":20,"4":20,"5":7},"f":{"0":20,"1":20},"b":{"0":[7]}}
,"/Users/ericbsantana/Documents/development/kiosk-management/packages/backend/src/models/Kiosk.model.ts": {"path":"/Users/ericbsantana/Documents/development/kiosk-management/packages/backend/src/models/Kiosk.model.ts","statementMap":{"0":{"start":{"line":1,"column":0},"end":{"line":1,"column":32}},"1":{"start":{"line":4,"column":20},"end":{"line":10,"column":2}},"2":{"start":{"line":12,"column":0},"end":{"line":12,"column":80}}},"fnMap":{},"branchMap":{},"s":{"0":3,"1":3,"2":3},"f":{},"b":{}}
,"/Users/ericbsantana/Documents/development/kiosk-management/packages/backend/src/routes/kiosks.routes.ts": {"path":"/Users/ericbsantana/Documents/development/kiosk-management/packages/backend/src/routes/kiosks.routes.ts","statementMap":{"0":{"start":{"line":1,"column":0},"end":{"line":1,"column":53}},"1":{"start":{"line":2,"column":0},"end":{"line":2,"column":81}},"2":{"start":{"line":3,"column":0},"end":{"line":3,"column":61}},"3":{"start":{"line":4,"column":0},"end":{"line":4,"column":87}},"4":{"start":{"line":6,"column":15},"end":{"line":6,"column":31}},"5":{"start":{"line":8,"column":0},"end":{"line":8,"column":43}},"6":{"start":{"line":9,"column":0},"end":{"line":13,"column":2}},"7":{"start":{"line":14,"column":0},"end":{"line":14,"column":72}},"8":{"start":{"line":15,"column":0},"end":{"line":19,"column":2}},"9":{"start":{"line":20,"column":0},"end":{"line":24,"column":2}},"10":{"start":{"line":26,"column":0},"end":{"line":26,"column":22}}},"fnMap":{},"branchMap":{},"s":{"0":2,"1":2,"2":2,"3":2,"4":2,"5":2,"6":2,"7":2,"8":2,"9":2,"10":2},"f":{},"b":{}}
,"/Users/ericbsantana/Documents/development/kiosk-management/packages/backend/src/services/kiosk.service.ts": {"path":"/Users/ericbsantana/Documents/development/kiosk-management/packages/backend/src/services/kiosk.service.ts","statementMap":{"0":{"start":{"line":2,"column":0},"end":{"line":2,"column":47}},"1":{"start":{"line":5,"column":0},"end":{"line":5,"column":26}},"2":{"start":{"line":6,"column":0},"end":{"line":6,"column":39}},"3":{"start":{"line":8,"column":13},"end":{"line":10,"column":2}},"4":{"start":{"line":8,"column":51},"end":{"line":10,"column":2}},"5":{"start":{"line":9,"column":2},"end":{"line":9,"column":33}},"6":{"start":{"line":12,"column":18},"end":{"line":14,"column":2}},"7":{"start":{"line":12,"column":41},"end":{"line":14,"column":2}},"8":{"start":{"line":13,"column":2},"end":{"line":13,"column":33}},"9":{"start":{"line":16,"column":17},"end":{"line":16,"column":63}},"10":{"start":{"line":16,"column":38},"end":{"line":16,"column":63}},"11":{"start":{"line":16,"column":39},"end":{"line":16,"column":63}},"12":{"start":{"line":18,"column":19},"end":{"line":18,"column":74}},"13":{"start":{"line":18,"column":40},"end":{"line":18,"column":74}},"14":{"start":{"line":18,"column":41},"end":{"line":18,"column":74}},"15":{"start":{"line":20,"column":19},"end":{"line":21,"column":56}},"16":{"start":{"line":20,"column":51},"end":{"line":21,"column":56}},"17":{"start":{"line":21,"column":2},"end":{"line":21,"column":56}},"18":{"start":{"line":23,"column":30},"end":{"line":60,"column":2}},"19":{"start":{"line":23,"column":41},"end":{"line":60,"column":2}},"20":{"start":{"line":24,"column":14},"end":{"line":24,"column":35}},"21":{"start":{"line":26,"column":21},"end":{"line":30,"column":4}},"22":{"start":{"line":32,"column":17},"end":{"line":37,"column":null}},"23":{"start":{"line":33,"column":4},"end":{"line":36,"column":null}},"24":{"start":{"line":40,"column":21},"end":{"line":46,"column":4}},"25":{"start":{"line":48,"column":17},"end":{"line":53,"column":null}},"26":{"start":{"line":49,"column":4},"end":{"line":52,"column":null}},"27":{"start":{"line":56,"column":2},"end":{"line":59,"column":4}},"28":{"start":{"line":62,"column":21},"end":{"line":69,"column":2}},"29":{"start":{"line":71,"column":0},"end":{"line":71,"column":28}}},"fnMap":{"0":{"name":"(anonymous_8)","decl":{"start":{"line":8,"column":13},"end":{"line":8,"column":20}},"loc":{"start":{"line":8,"column":51},"end":{"line":10,"column":2}}},"1":{"name":"(anonymous_9)","decl":{"start":{"line":8,"column":51},"end":{"line":8,"column":null}},"loc":{"start":{"line":8,"column":51},"end":{"line":10,"column":1}}},"2":{"name":"(anonymous_10)","decl":{"start":{"line":12,"column":18},"end":{"line":12,"column":25}},"loc":{"start":{"line":12,"column":41},"end":{"line":14,"column":2}}},"3":{"name":"(anonymous_11)","decl":{"start":{"line":12,"column":41},"end":{"line":12,"column":null}},"loc":{"start":{"line":12,"column":41},"end":{"line":14,"column":1}}},"4":{"name":"(anonymous_12)","decl":{"start":{"line":16,"column":17},"end":{"line":16,"column":24}},"loc":{"start":{"line":16,"column":38},"end":{"line":16,"column":63}}},"5":{"name":"(anonymous_13)","decl":{"start":{"line":16,"column":38},"end":{"line":16,"column":39}},"loc":{"start":{"line":16,"column":38},"end":{"line":16,"column":63}}},"6":{"name":"(anonymous_14)","decl":{"start":{"line":18,"column":19},"end":{"line":18,"column":26}},"loc":{"start":{"line":18,"column":40},"end":{"line":18,"column":74}}},"7":{"name":"(anonymous_15)","decl":{"start":{"line":18,"column":40},"end":{"line":18,"column":41}},"loc":{"start":{"line":18,"column":40},"end":{"line":18,"column":74}}},"8":{"name":"(anonymous_16)","decl":{"start":{"line":20,"column":19},"end":{"line":20,"column":26}},"loc":{"start":{"line":20,"column":51},"end":{"line":21,"column":56}}},"9":{"name":"(anonymous_17)","decl":{"start":{"line":20,"column":51},"end":{"line":20,"column":null}},"loc":{"start":{"line":20,"column":51},"end":{"line":21,"column":56}}},"10":{"name":"(anonymous_18)","decl":{"start":{"line":23,"column":30},"end":{"line":23,"column":39}},"loc":{"start":{"line":23,"column":41},"end":{"line":60,"column":2}}},"11":{"name":"(anonymous_19)","decl":{"start":{"line":23,"column":41},"end":{"line":23,"column":null}},"loc":{"start":{"line":23,"column":41},"end":{"line":60,"column":1}}},"12":{"name":"(anonymous_20)","decl":{"start":{"line":32,"column":55},"end":{"line":32,"column":56}},"loc":{"start":{"line":33,"column":4},"end":{"line":36,"column":null}}},"13":{"name":"(anonymous_21)","decl":{"start":{"line":48,"column":55},"end":{"line":48,"column":56}},"loc":{"start":{"line":49,"column":4},"end":{"line":52,"column":null}}}},"branchMap":{},"s":{"0":3,"1":3,"2":3,"3":3,"4":2,"5":2,"6":3,"7":2,"8":2,"9":3,"10":2,"11":2,"12":3,"13":3,"14":3,"15":3,"16":5,"17":5,"18":3,"19":2,"20":2,"21":2,"22":2,"23":1,"24":2,"25":2,"26":1,"27":2,"28":3,"29":3},"f":{"0":2,"1":2,"2":2,"3":2,"4":2,"5":2,"6":3,"7":3,"8":5,"9":5,"10":2,"11":2,"12":1,"13":1},"b":{}}
,"/Users/ericbsantana/Documents/development/kiosk-management/packages/backend/tests/db/db.ts": {"path":"/Users/ericbsantana/Documents/development/kiosk-management/packages/backend/tests/db/db.ts","statementMap":{"0":{"start":{"line":1,"column":0},"end":{"line":1,"column":58}},"1":{"start":{"line":2,"column":0},"end":{"line":2,"column":32}},"2":{"start":{"line":6,"column":26},"end":{"line":11,"column":2}},"3":{"start":{"line":6,"column":37},"end":{"line":11,"column":2}},"4":{"start":{"line":7,"column":2},"end":{"line":7,"column":51}},"5":{"start":{"line":8,"column":14},"end":{"line":8,"column":36}},"6":{"start":{"line":9,"column":2},"end":{"line":9,"column":37}},"7":{"start":{"line":10,"column":2},"end":{"line":10,"column":30}},"8":{"start":{"line":29,"column":9},"end":{"line":29,"column":26}},"9":{"start":{"line":13,"column":21},"end":{"line":19,"column":2}},"10":{"start":{"line":13,"column":32},"end":{"line":19,"column":2}},"11":{"start":{"line":14,"column":2},"end":{"line":18,"column":null}},"12":{"start":{"line":15,"column":4},"end":{"line":15,"column":45}},"13":{"start":{"line":16,"column":4},"end":{"line":16,"column":38}},"14":{"start":{"line":17,"column":4},"end":{"line":17,"column":31}},"15":{"start":{"line":29,"column":45},"end":{"line":29,"column":57}},"16":{"start":{"line":20,"column":24},"end":{"line":27,"column":2}},"17":{"start":{"line":20,"column":35},"end":{"line":27,"column":2}},"18":{"start":{"line":21,"column":2},"end":{"line":26,"column":null}},"19":{"start":{"line":22,"column":24},"end":{"line":22,"column":66}},"20":{"start":{"line":23,"column":4},"end":{"line":25,"column":null}},"21":{"start":{"line":24,"column":6},"end":{"line":24,"column":38}},"22":{"start":{"line":29,"column":28},"end":{"line":29,"column":43}}},"fnMap":{"0":{"name":"(anonymous_8)","decl":{"start":{"line":6,"column":26},"end":{"line":6,"column":35}},"loc":{"start":{"line":6,"column":37},"end":{"line":11,"column":2}}},"1":{"name":"(anonymous_9)","decl":{"start":{"line":6,"column":37},"end":{"line":6,"column":null}},"loc":{"start":{"line":6,"column":37},"end":{"line":11,"column":1}}},"2":{"name":"(anonymous_10)","decl":{"start":{"line":13,"column":21},"end":{"line":13,"column":30}},"loc":{"start":{"line":13,"column":32},"end":{"line":19,"column":2}}},"3":{"name":"(anonymous_11)","decl":{"start":{"line":13,"column":32},"end":{"line":13,"column":null}},"loc":{"start":{"line":13,"column":32},"end":{"line":19,"column":1}}},"4":{"name":"(anonymous_12)","decl":{"start":{"line":20,"column":24},"end":{"line":20,"column":33}},"loc":{"start":{"line":20,"column":35},"end":{"line":27,"column":2}}},"5":{"name":"(anonymous_13)","decl":{"start":{"line":20,"column":35},"end":{"line":20,"column":null}},"loc":{"start":{"line":20,"column":35},"end":{"line":27,"column":1}}}},"branchMap":{"0":{"loc":{"start":{"line":14,"column":2},"end":{"line":18,"column":null}},"type":"if","locations":[{"start":{"line":14,"column":2},"end":{"line":18,"column":null}}]},"1":{"loc":{"start":{"line":21,"column":2},"end":{"line":26,"column":null}},"type":"if","locations":[{"start":{"line":21,"column":2},"end":{"line":26,"column":null}}]}},"s":{"0":2,"1":2,"2":2,"3":2,"4":2,"5":2,"6":2,"7":2,"8":2,"9":2,"10":2,"11":2,"12":2,"13":2,"14":2,"15":2,"16":2,"17":36,"18":36,"19":36,"20":36,"21":36,"22":2},"f":{"0":2,"1":2,"2":2,"3":2,"4":36,"5":36},"b":{"0":[2],"1":[36]}}
,"/Users/ericbsantana/Documents/development/kiosk-management/packages/backend/tests/db/index.ts": {"path":"/Users/ericbsantana/Documents/development/kiosk-management/packages/backend/tests/db/index.ts","statementMap":{"0":{"start":{"line":1,"column":0},"end":{"line":1,"column":9}},"1":{"start":{"line":3,"column":9},"end":{"line":1,"column":28}},"2":{"start":{"line":3,"column":45},"end":{"line":1,"column":42}},"3":{"start":{"line":3,"column":28},"end":{"line":1,"column":72}}},"fnMap":{"0":{"name":"(anonymous_0)","decl":{"start":{"line":3,"column":9},"end":{"line":3,"column":26}},"loc":{"start":{"line":3,"column":9},"end":{"line":1,"column":28}}},"1":{"name":"(anonymous_1)","decl":{"start":{"line":3,"column":45},"end":{"line":3,"column":57}},"loc":{"start":{"line":3,"column":45},"end":{"line":1,"column":42}}},"2":{"name":"(anonymous_2)","decl":{"start":{"line":3,"column":28},"end":{"line":3,"column":43}},"loc":{"start":{"line":3,"column":28},"end":{"line":1,"column":72}}}},"branchMap":{},"s":{"0":2,"1":4,"2":4,"3":38},"f":{"0":2,"1":2,"2":36},"b":{}}
}
