TN:
SF:src/app.ts
FN:9,(anonymous_1)
FNF:1
FNH:1
FNDA:1,(anonymous_1)
DA:2,2
DA:3,2
DA:5,2
DA:7,2
DA:9,2
DA:10,1
DA:13,2
DA:15,2
LF:8
LH:8
BRF:0
BRH:0
end_of_record
TN:
SF:src/controllers/KioskController.ts
FN:7,(anonymous_8)
FN:7,(anonymous_9)
FN:24,(anonymous_10)
FN:24,(anonymous_11)
FN:44,(anonymous_12)
FN:44,(anonymous_13)
FN:52,(anonymous_14)
FN:52,(anonymous_15)
FN:74,(anonymous_16)
FN:74,(anonymous_17)
FNF:10
FNH:10
FNDA:10,(anonymous_8)
FNDA:10,(anonymous_9)
FNDA:8,(anonymous_10)
FNDA:8,(anonymous_11)
FNDA:3,(anonymous_12)
FNDA:3,(anonymous_13)
FNDA:5,(anonymous_14)
FNDA:5,(anonymous_15)
FNDA:7,(anonymous_16)
FNDA:7,(anonymous_17)
DA:1,2
DA:2,2
DA:6,2
DA:7,10
DA:8,10
DA:10,10
DA:11,7
DA:14,3
DA:15,3
DA:17,2
DA:21,1
DA:24,8
DA:25,8
DA:26,8
DA:28,8
DA:29,5
DA:32,3
DA:33,3
DA:35,2
DA:36,1
DA:39,1
DA:41,1
DA:44,3
DA:45,3
DA:46,3
DA:47,2
DA:49,1
DA:52,5
DA:53,5
DA:54,5
DA:56,5
DA:57,1
DA:60,4
DA:61,4
DA:63,3
DA:64,1
DA:67,2
DA:69,1
DA:74,7
DA:75,7
DA:76,7
DA:78,7
DA:79,1
DA:82,6
DA:83,6
DA:84,5
DA:85,1
DA:87,4
DA:92,4
DA:94,1
DA:101,2
LF:51
LH:51
BRDA:10,0,0,7
BRDA:28,1,0,5
BRDA:35,2,0,1
BRDA:56,3,0,1
BRDA:63,4,0,1
BRDA:78,5,0,1
BRDA:84,6,0,1
BRF:7
BRH:7
end_of_record
TN:
SF:src/middlewares/KioskValidationMiddleware.ts
FNF:0
FNH:0
DA:1,2
DA:3,2
LF:2
LH:2
BRF:0
BRH:0
end_of_record
TN:
SF:src/middlewares/ObjectIdValidationMiddleware.ts
FN:5,(anonymous_8)
FN:5,(anonymous_9)
FNF:2
FNH:2
FNDA:20,(anonymous_8)
FNDA:20,(anonymous_9)
DA:1,2
DA:2,2
DA:4,2
DA:5,20
DA:6,20
DA:7,7
LF:6
LH:6
BRDA:6,0,0,7
BRF:1
BRH:1
end_of_record
TN:
SF:src/models/Kiosk.model.ts
FNF:0
FNH:0
DA:1,3
DA:4,3
DA:12,3
LF:3
LH:3
BRF:0
BRH:0
end_of_record
TN:
SF:src/routes/kiosks.routes.ts
FNF:0
FNH:0
DA:1,2
DA:2,2
DA:3,2
DA:4,2
DA:6,2
DA:8,2
DA:9,2
DA:14,2
DA:15,2
DA:20,2
DA:26,2
LF:11
LH:11
BRF:0
BRH:0
end_of_record
TN:
SF:src/services/kiosk.service.ts
FN:8,(anonymous_8)
FN:8,(anonymous_9)
FN:12,(anonymous_10)
FN:12,(anonymous_11)
FN:16,(anonymous_12)
FN:16,(anonymous_13)
FN:18,(anonymous_14)
FN:18,(anonymous_15)
FN:20,(anonymous_16)
FN:20,(anonymous_17)
FN:23,(anonymous_18)
FN:23,(anonymous_19)
FN:32,(anonymous_20)
FN:48,(anonymous_21)
FNF:14
FNH:14
FNDA:2,(anonymous_8)
FNDA:2,(anonymous_9)
FNDA:2,(anonymous_10)
FNDA:2,(anonymous_11)
FNDA:2,(anonymous_12)
FNDA:2,(anonymous_13)
FNDA:3,(anonymous_14)
FNDA:3,(anonymous_15)
FNDA:5,(anonymous_16)
FNDA:5,(anonymous_17)
FNDA:2,(anonymous_18)
FNDA:2,(anonymous_19)
FNDA:1,(anonymous_20)
FNDA:1,(anonymous_21)
DA:2,3
DA:5,3
DA:6,3
DA:8,3
DA:9,2
DA:12,3
DA:13,2
DA:16,3
DA:18,3
DA:20,5
DA:21,5
DA:23,3
DA:24,2
DA:26,2
DA:32,2
DA:33,1
DA:40,2
DA:48,2
DA:49,1
DA:56,2
DA:62,3
DA:71,3
LF:22
LH:22
BRF:0
BRH:0
end_of_record
TN:
SF:tests/db/db.ts
FN:6,(anonymous_8)
FN:6,(anonymous_9)
FN:13,(anonymous_10)
FN:13,(anonymous_11)
FN:20,(anonymous_12)
FN:20,(anonymous_13)
FNF:6
FNH:6
FNDA:2,(anonymous_8)
FNDA:2,(anonymous_9)
FNDA:2,(anonymous_10)
FNDA:2,(anonymous_11)
FNDA:36,(anonymous_12)
FNDA:36,(anonymous_13)
DA:1,2
DA:2,2
DA:6,2
DA:7,2
DA:8,2
DA:9,2
DA:10,2
DA:13,2
DA:14,2
DA:15,2
DA:16,2
DA:17,2
DA:20,36
DA:21,36
DA:22,36
DA:23,36
DA:24,36
DA:29,2
LF:18
LH:18
BRDA:14,0,0,2
BRDA:21,1,0,36
BRF:2
BRH:2
end_of_record
TN:
SF:tests/db/index.ts
FN:3,(anonymous_0)
FN:3,(anonymous_1)
FN:3,(anonymous_2)
FNF:3
FNH:3
FNDA:2,(anonymous_0)
FNDA:2,(anonymous_1)
FNDA:36,(anonymous_2)
DA:1,2
DA:3,38
LF:2
LH:2
BRF:0
BRH:0
end_of_record
